Performing C++ SOURCE FILE Test COMPILER_KNOWS_STDLIB failed with the following output:
Change Dir: /mnt/c/Users/Marson/Desktop/Otxserver-New/cmake/CMakeFiles/CMakeTmp

Run Build Command:"/usr/bin/make" "cmTC_24493/fast"
/usr/bin/make -f CMakeFiles/cmTC_24493.dir/build.make CMakeFiles/cmTC_24493.dir/build
make[1]: Entering directory '/mnt/c/Users/Marson/Desktop/Otxserver-New/cmake/CMakeFiles/CMakeTmp'
Building CXX object CMakeFiles/cmTC_24493.dir/src.cxx.o
/usr/bin/c++     -DCOMPILER_KNOWS_STDLIB   -stdlib=libc++ -o CMakeFiles/cmTC_24493.dir/src.cxx.o -c /mnt/c/Users/Marson/Desktop/Otxserver-New/cmake/CMakeFiles/CMakeTmp/src.cxx
c++: error: unrecognized command line option '-stdlib=libc++'
CMakeFiles/cmTC_24493.dir/build.make:65: recipe for target 'CMakeFiles/cmTC_24493.dir/src.cxx.o' failed
make[1]: *** [CMakeFiles/cmTC_24493.dir/src.cxx.o] Error 1
make[1]: Leaving directory '/mnt/c/Users/Marson/Desktop/Otxserver-New/cmake/CMakeFiles/CMakeTmp'
Makefile:126: recipe for target 'cmTC_24493/fast' failed
make: *** [cmTC_24493/fast] Error 2

Source file was:
int main() { return 0; }
Determining if the pthread_create exist failed with the following output:
Change Dir: /mnt/c/Users/Marson/Desktop/Otxserver-New/cmake/CMakeFiles/CMakeTmp

Run Build Command:"/usr/bin/make" "cmTC_09f95/fast"
/usr/bin/make -f CMakeFiles/cmTC_09f95.dir/build.make CMakeFiles/cmTC_09f95.dir/build
make[1]: Entering directory '/mnt/c/Users/Marson/Desktop/Otxserver-New/cmake/CMakeFiles/CMakeTmp'
Building C object CMakeFiles/cmTC_09f95.dir/CheckSymbolExists.c.o
/usr/bin/cc     -o CMakeFiles/cmTC_09f95.dir/CheckSymbolExists.c.o   -c /mnt/c/Users/Marson/Desktop/Otxserver-New/cmake/CMakeFiles/CMakeTmp/CheckSymbolExists.c
Linking C executable cmTC_09f95
/usr/bin/cmake -E cmake_link_script CMakeFiles/cmTC_09f95.dir/link.txt --verbose=1
/usr/bin/cc       CMakeFiles/cmTC_09f95.dir/CheckSymbolExists.c.o  -o cmTC_09f95 -rdynamic 
CMakeFiles/cmTC_09f95.dir/CheckSymbolExists.c.o: na função `main':
CheckSymbolExists.c:(.text+0x16): referência indefinida para `pthread_create'
collect2: error: ld returned 1 exit status
CMakeFiles/cmTC_09f95.dir/build.make:97: recipe for target 'cmTC_09f95' failed
make[1]: *** [cmTC_09f95] Error 1
make[1]: Leaving directory '/mnt/c/Users/Marson/Desktop/Otxserver-New/cmake/CMakeFiles/CMakeTmp'
Makefile:126: recipe for target 'cmTC_09f95/fast' failed
make: *** [cmTC_09f95/fast] Error 2

File /mnt/c/Users/Marson/Desktop/Otxserver-New/cmake/CMakeFiles/CMakeTmp/CheckSymbolExists.c:
/* */
#include <pthread.h>

int main(int argc, char** argv)
{
  (void)argv;
#ifndef pthread_create
  return ((int*)(&pthread_create))[argc];
#else
  (void)argc;
  return 0;
#endif
}

Determining if the function pthread_create exists in the pthreads failed with the following output:
Change Dir: /mnt/c/Users/Marson/Desktop/Otxserver-New/cmake/CMakeFiles/CMakeTmp

Run Build Command:"/usr/bin/make" "cmTC_58be2/fast"
/usr/bin/make -f CMakeFiles/cmTC_58be2.dir/build.make CMakeFiles/cmTC_58be2.dir/build
make[1]: Entering directory '/mnt/c/Users/Marson/Desktop/Otxserver-New/cmake/CMakeFiles/CMakeTmp'
Building C object CMakeFiles/cmTC_58be2.dir/CheckFunctionExists.c.o
/usr/bin/cc    -DCHECK_FUNCTION_EXISTS=pthread_create   -o CMakeFiles/cmTC_58be2.dir/CheckFunctionExists.c.o   -c /usr/share/cmake-3.5/Modules/CheckFunctionExists.c
Linking C executable cmTC_58be2
/usr/bin/cmake -E cmake_link_script CMakeFiles/cmTC_58be2.dir/link.txt --verbose=1
/usr/bin/cc   -DCHECK_FUNCTION_EXISTS=pthread_create    CMakeFiles/cmTC_58be2.dir/CheckFunctionExists.c.o  -o cmTC_58be2 -rdynamic -lpthreads 
/usr/bin/ld: não foi possível encontrar -lpthreads
collect2: error: ld returned 1 exit status
CMakeFiles/cmTC_58be2.dir/build.make:97: recipe for target 'cmTC_58be2' failed
make[1]: *** [cmTC_58be2] Error 1
make[1]: Leaving directory '/mnt/c/Users/Marson/Desktop/Otxserver-New/cmake/CMakeFiles/CMakeTmp'
Makefile:126: recipe for target 'cmTC_58be2/fast' failed
make: *** [cmTC_58be2/fast] Error 2


